obj\MCD\Debug\netstandard2.1\blazor\linker\AzureFunctionsDemo.Client.dll
obj\MCD\Debug\netstandard2.1\blazor\linker\AzureFunctionsDemo.Shared.dll
obj\MCD\Debug\netstandard2.1\blazor\linker\Microsoft.AspNetCore.Authorization.dll
obj\MCD\Debug\netstandard2.1\blazor\linker\Microsoft.AspNetCore.Blazor.dll
obj\MCD\Debug\netstandard2.1\blazor\linker\Microsoft.AspNetCore.Blazor.HttpClient.dll
obj\MCD\Debug\netstandard2.1\blazor\linker\Microsoft.AspNetCore.Components.dll
obj\MCD\Debug\netstandard2.1\blazor\linker\Microsoft.AspNetCore.Components.Forms.dll
obj\MCD\Debug\netstandard2.1\blazor\linker\Microsoft.AspNetCore.Components.Web.dll
obj\MCD\Debug\netstandard2.1\blazor\linker\Microsoft.AspNetCore.Metadata.dll
obj\MCD\Debug\netstandard2.1\blazor\linker\Microsoft.Bcl.AsyncInterfaces.dll
obj\MCD\Debug\netstandard2.1\blazor\linker\Microsoft.Extensions.DependencyInjection.Abstractions.dll
obj\MCD\Debug\netstandard2.1\blazor\linker\Microsoft.Extensions.DependencyInjection.dll
obj\MCD\Debug\netstandard2.1\blazor\linker\Microsoft.Extensions.Logging.Abstractions.dll
obj\MCD\Debug\netstandard2.1\blazor\linker\Microsoft.Extensions.Options.dll
obj\MCD\Debug\netstandard2.1\blazor\linker\Microsoft.Extensions.Primitives.dll
obj\MCD\Debug\netstandard2.1\blazor\linker\Microsoft.JSInterop.dll
obj\MCD\Debug\netstandard2.1\blazor\linker\Mono.WebAssembly.Interop.dll
obj\MCD\Debug\netstandard2.1\blazor\linker\mscorlib.dll
obj\MCD\Debug\netstandard2.1\blazor\linker\System.ComponentModel.DataAnnotations.dll
obj\MCD\Debug\netstandard2.1\blazor\linker\System.Core.dll
obj\MCD\Debug\netstandard2.1\blazor\linker\System.dll
obj\MCD\Debug\netstandard2.1\blazor\linker\System.Net.Http.dll
obj\MCD\Debug\netstandard2.1\blazor\linker\System.Runtime.CompilerServices.Unsafe.dll
obj\MCD\Debug\netstandard2.1\blazor\linker\System.Text.Encodings.Web.dll
obj\MCD\Debug\netstandard2.1\blazor\linker\System.Text.Json.dll
obj\MCD\Debug\netstandard2.1\blazor\linker\WebAssembly.Bindings.dll
obj\MCD\Debug\netstandard2.1\blazor\linker\WebAssembly.Net.Http.dll
